<?xml version="1.0" encoding="UTF-8"?>
<testng-results ignored="0" total="6" passed="6" failed="0" skipped="0">
  <reporter-output>
  </reporter-output>
  <suite started-at="2023-10-16T15:29:28 EEST" name="Suite" finished-at="2023-10-16T15:29:28 EEST" duration-ms="86">
    <groups>
    </groups>
    <test started-at="2023-10-16T15:29:28 EEST" name="Test" finished-at="2023-10-16T15:29:28 EEST" duration-ms="86">
      <class name="qaclickacademy.AppiumTest">
        <test-method signature="iosApp()[pri:0, instance:qaclickacademy.AppiumTest@24111ef1]" started-at="2023-10-16T15:29:28 EEST" name="iosApp" finished-at="2023-10-16T15:29:28 EEST" duration-ms="14" status="PASS">
          <reporter-output>
          </reporter-output>
        </test-method> <!-- iosApp -->
        <test-method signature="nativeAppAndroid()[pri:0, instance:qaclickacademy.AppiumTest@24111ef1]" started-at="2023-10-16T15:29:28 EEST" name="nativeAppAndroid" finished-at="2023-10-16T15:29:28 EEST" duration-ms="1" status="PASS">
          <reporter-output>
          </reporter-output>
        </test-method> <!-- nativeAppAndroid -->
      </class> <!-- qaclickacademy.AppiumTest -->
      <class name="qaclickacademy.RESTAPITest">
        <test-method signature="deleteTwitter()[pri:0, instance:qaclickacademy.RESTAPITest@6155d082]" started-at="2023-10-16T15:29:28 EEST" name="deleteTwitter" finished-at="2023-10-16T15:29:28 EEST" duration-ms="1" status="PASS">
          <reporter-output>
          </reporter-output>
        </test-method> <!-- deleteTwitter -->
        <test-method signature="postJira()[pri:0, instance:qaclickacademy.RESTAPITest@6155d082]" started-at="2023-10-16T15:29:28 EEST" name="postJira" finished-at="2023-10-16T15:29:28 EEST" duration-ms="2" status="PASS">
          <reporter-output>
          </reporter-output>
        </test-method> <!-- postJira -->
      </class> <!-- qaclickacademy.RESTAPITest -->
      <class name="qaclickacademy.SeleniumTest">
        <test-method signature="browserAutomation()[pri:0, instance:qaclickacademy.SeleniumTest@47f9738]" started-at="2023-10-16T15:29:28 EEST" name="browserAutomation" finished-at="2023-10-16T15:29:28 EEST" duration-ms="2" status="PASS">
          <reporter-output>
          </reporter-output>
        </test-method> <!-- browserAutomation -->
        <test-method signature="elementsUi()[pri:0, instance:qaclickacademy.SeleniumTest@47f9738]" started-at="2023-10-16T15:29:28 EEST" name="elementsUi" finished-at="2023-10-16T15:29:28 EEST" duration-ms="2" status="PASS">
          <reporter-output>
          </reporter-output>
        </test-method> <!-- elementsUi -->
      </class> <!-- qaclickacademy.SeleniumTest -->
    </test> <!-- Test -->
  </suite> <!-- Suite -->
</testng-results>
